---------------------------------------------------------------
[ 2018-10-19T16:33:21+08:00 ] 127.0.0.1 GET xidiyinshua.com/index.php/admin/index/index
[运行时间：0.032890s] [吞吐率：30.40req/s] [内存消耗：1,296.99kb] [文件加载：65]
[ info ] [ LANG ] D:\WWW\xdys\thinkphp\lang\zh-cn.php
[ info ] [ ROUTE ] array (
)
[ info ] [ HEADER ] array (
  'upgrade-insecure-requests' => '1',
  'connection' => 'close',
  'accept-encoding' => 'gzip, deflate',
  'accept-language' => 'zh-CN,zh;q=0.8,zh-TW;q=0.7,zh-HK;q=0.5,en-US;q=0.3,en;q=0.2',
  'accept' => 'text/html,application/xhtml+xml,application/xml;q=0.9,*/*;q=0.8',
  'user-agent' => 'Mozilla/5.0 (Windows NT 10.0; WOW64; rv:62.0) Gecko/20100101 Firefox/62.0',
  'host' => 'xidiyinshua.com',
)
[ info ] [ PARAM ] array (
)
---------------------------------------------------------------
[ 2018-10-19T16:33:28+08:00 ] 127.0.0.1 GET xidiyinshua.com//admin/index/index
[运行时间：0.030384s] [吞吐率：32.91req/s] [内存消耗：1,297.51kb] [文件加载：65]
[ info ] [ LANG ] D:\WWW\xdys\thinkphp\lang\zh-cn.php
[ info ] [ ROUTE ] array (
)
[ info ] [ HEADER ] array (
  'upgrade-insecure-requests' => '1',
  'connection' => 'close',
  'accept-encoding' => 'gzip, deflate',
  'accept-language' => 'zh-CN,zh;q=0.8,zh-TW;q=0.7,zh-HK;q=0.5,en-US;q=0.3,en;q=0.2',
  'accept' => 'text/html,application/xhtml+xml,application/xml;q=0.9,*/*;q=0.8',
  'user-agent' => 'Mozilla/5.0 (Windows NT 10.0; WOW64; rv:62.0) Gecko/20100101 Firefox/62.0',
  'host' => 'xidiyinshua.com',
)
[ info ] [ PARAM ] array (
  'admin/index/index' => '',
)
---------------------------------------------------------------
[ 2018-10-19T16:33:36+08:00 ] 127.0.0.1 GET xidiyinshua.com/admin/index/index
[运行时间：0.025500s] [吞吐率：39.22req/s] [内存消耗：1,297.51kb] [文件加载：65]
[ info ] [ LANG ] D:\WWW\xdys\thinkphp\lang\zh-cn.php
[ info ] [ ROUTE ] array (
)
[ info ] [ HEADER ] array (
  'upgrade-insecure-requests' => '1',
  'connection' => 'close',
  'accept-encoding' => 'gzip, deflate',
  'accept-language' => 'zh-CN,zh;q=0.8,zh-TW;q=0.7,zh-HK;q=0.5,en-US;q=0.3,en;q=0.2',
  'accept' => 'text/html,application/xhtml+xml,application/xml;q=0.9,*/*;q=0.8',
  'user-agent' => 'Mozilla/5.0 (Windows NT 10.0; WOW64; rv:62.0) Gecko/20100101 Firefox/62.0',
  'host' => 'xidiyinshua.com',
)
[ info ] [ PARAM ] array (
  'admin/index/index' => '',
)
---------------------------------------------------------------
[ 2018-10-19T17:18:56+08:00 ] 127.0.0.1 POST xidiyinshua.com/admin/login/login
[运行时间：0.122315s] [吞吐率：8.18req/s] [内存消耗：2,409.02kb] [文件加载：79]
[ info ] [ LANG ] D:\WWW\xdys\thinkphp\lang\zh-cn.php
[ info ] [ ROUTE ] array (
)
[ info ] [ HEADER ] array (
  'connection' => 'close',
  'content-length' => '284',
  'content-type' => 'multipart/form-data; boundary=--------------------------041652773099839857003313',
  'accept-encoding' => 'gzip, deflate',
  'host' => 'xidiyinshua.com',
  'accept' => '*/*',
  'user-agent' => 'PostmanRuntime/7.3.0',
  'postman-token' => '7f28868e-367c-4b2f-8d87-90c6ba036f7c',
  'cache-control' => 'no-cache',
)
[ info ] [ PARAM ] array (
  'admin/login/login' => '',
  'username' => 'xiaoming',
  'password' => '666666',
)
[ info ] [ DB ] INIT mysql
[ sql ] [ DB ] CONNECT:[ UseTime:0.031566s ] mysql:host=127.0.0.1;dbname=xdys;charset=utf8
[ sql ] [ SQL ] SHOW COLUMNS FROM `xdys_manager` [ RunTime:0.012688s ]
[ sql ] [ SQL ] SELECT * FROM `xdys_manager` WHERE  `username` = 'xiaoming' LIMIT 1 [ RunTime:0.001340s ]
[ sql ] [ SQL ] SHOW COLUMNS FROM `xdys_admintoken` [ RunTime:0.009772s ]
[ sql ] [ SQL ] SELECT * FROM `xdys_admintoken` WHERE  `manager_id` = 2 LIMIT 1 [ RunTime:0.000491s ]
[ sql ] [ SQL ] UPDATE `xdys_admintoken`  SET `token` = 'ebbf410b19427e6aedaa47b89785f067' , `expire_at` = 1542532736  WHERE  `manager_id` = 2 [ RunTime:0.002630s ]
[ sql ] [ SQL ] SELECT * FROM `xdys_admintoken` WHERE  `manager_id` = 2 LIMIT 1 [ RunTime:0.000388s ]
---------------------------------------------------------------
[ 2018-10-19T17:19:19+08:00 ] 127.0.0.1 POST xidiyinshua.com/admin/manager/changepassword
[运行时间：0.058838s] [吞吐率：17.00req/s] [内存消耗：2,377.59kb] [文件加载：80]
[ info ] [ LANG ] D:\WWW\xdys\thinkphp\lang\zh-cn.php
[ info ] [ ROUTE ] array (
)
[ info ] [ HEADER ] array (
  'connection' => 'close',
  'content-length' => '405',
  'content-type' => 'multipart/form-data; boundary=--------------------------764222197491591222886345',
  'accept-encoding' => 'gzip, deflate',
  'host' => 'xidiyinshua.com',
  'accept' => '*/*',
  'user-agent' => 'PostmanRuntime/7.3.0',
  'postman-token' => '4e91e3a3-e1e0-4949-aacd-efd8db63e037',
  'cache-control' => 'no-cache',
  'authorizations' => 'ebbf410b19427e6aedaa47b89785f067',
)
[ info ] [ PARAM ] array (
  'admin/manager/changepassword' => '',
  'oldpassword' => '666666',
  'newpassword' => '666666',
  'oncepassword' => '666666',
)
[ info ] [ DB ] INIT mysql
[ sql ] [ DB ] CONNECT:[ UseTime:0.001971s ] mysql:host=127.0.0.1;dbname=xdys;charset=utf8
[ sql ] [ SQL ] SHOW COLUMNS FROM `xdys_admintoken` [ RunTime:0.006897s ]
[ sql ] [ SQL ] SELECT * FROM `xdys_admintoken` WHERE  `token` = 'ebbf410b19427e6aedaa47b89785f067' LIMIT 1 [ RunTime:0.000359s ]
[ sql ] [ SQL ] SHOW COLUMNS FROM `xdys_manager` [ RunTime:0.007718s ]
[ sql ] [ SQL ] SELECT * FROM `xdys_manager` WHERE  `id` = 2 LIMIT 1 [ RunTime:0.000361s ]
[ sql ] [ SQL ] UPDATE `xdys_manager`  SET `password` = 'b9f62e5b622d4f9e1c5b29e2c9ac88dc' , `salt` = '1354abced'  WHERE  `id` = 2 [ RunTime:0.000336s ]
---------------------------------------------------------------
[ 2018-10-19T17:19:25+08:00 ] 127.0.0.1 POST xidiyinshua.com/admin/manager/changepassword
[运行时间：0.047959s] [吞吐率：20.85req/s] [内存消耗：2,397.66kb] [文件加载：78]
[ info ] [ LANG ] D:\WWW\xdys\thinkphp\lang\zh-cn.php
[ info ] [ ROUTE ] array (
)
[ info ] [ HEADER ] array (
  'connection' => 'close',
  'content-length' => '289',
  'content-type' => 'multipart/form-data; boundary=--------------------------174796541553710290357508',
  'accept-encoding' => 'gzip, deflate',
  'host' => 'xidiyinshua.com',
  'accept' => '*/*',
  'user-agent' => 'PostmanRuntime/7.3.0',
  'postman-token' => '3b8fa634-78a3-49af-81a5-b628c02a4a71',
  'cache-control' => 'no-cache',
  'authorizations' => 'ebbf410b19427e6aedaa47b89785f067',
)
[ info ] [ PARAM ] array (
  'admin/manager/changepassword' => '',
  'oldpassword' => '666666',
  'oncepassword' => '666666',
)
[ info ] [ DB ] INIT mysql
[ sql ] [ DB ] CONNECT:[ UseTime:0.001796s ] mysql:host=127.0.0.1;dbname=xdys;charset=utf8
[ sql ] [ SQL ] SHOW COLUMNS FROM `xdys_admintoken` [ RunTime:0.010344s ]
[ sql ] [ SQL ] SELECT * FROM `xdys_admintoken` WHERE  `token` = 'ebbf410b19427e6aedaa47b89785f067' LIMIT 1 [ RunTime:0.000372s ]
---------------------------------------------------------------
[ 2018-10-19T17:19:33+08:00 ] 127.0.0.1 POST xidiyinshua.com/admin/manager/changepassword
[运行时间：0.047814s] [吞吐率：20.91req/s] [内存消耗：2,397.66kb] [文件加载：78]
[ info ] [ LANG ] D:\WWW\xdys\thinkphp\lang\zh-cn.php
[ info ] [ ROUTE ] array (
)
[ info ] [ HEADER ] array (
  'connection' => 'close',
  'content-length' => '289',
  'content-type' => 'multipart/form-data; boundary=--------------------------120369998401387974876413',
  'accept-encoding' => 'gzip, deflate',
  'host' => 'xidiyinshua.com',
  'accept' => '*/*',
  'user-agent' => 'PostmanRuntime/7.3.0',
  'postman-token' => 'af066188-d4a1-4631-a4aa-2f3edd670d0d',
  'cache-control' => 'no-cache',
  'authorizations' => 'ebbf410b19427e6aedaa47b89785f067',
)
[ info ] [ PARAM ] array (
  'admin/manager/changepassword' => '',
  'oldpassword' => '666666',
  'oncepassword' => '666666',
)
[ info ] [ DB ] INIT mysql
[ sql ] [ DB ] CONNECT:[ UseTime:0.001880s ] mysql:host=127.0.0.1;dbname=xdys;charset=utf8
[ sql ] [ SQL ] SHOW COLUMNS FROM `xdys_admintoken` [ RunTime:0.011178s ]
[ sql ] [ SQL ] SELECT * FROM `xdys_admintoken` WHERE  `token` = 'ebbf410b19427e6aedaa47b89785f067' LIMIT 1 [ RunTime:0.000330s ]
---------------------------------------------------------------
[ 2018-10-19T17:19:37+08:00 ] 127.0.0.1 POST xidiyinshua.com/admin/manager/changepassword
[运行时间：0.044925s] [吞吐率：22.26req/s] [内存消耗：2,397.66kb] [文件加载：78]
[ info ] [ LANG ] D:\WWW\xdys\thinkphp\lang\zh-cn.php
[ info ] [ ROUTE ] array (
)
[ info ] [ HEADER ] array (
  'connection' => 'close',
  'content-length' => '288',
  'content-type' => 'multipart/form-data; boundary=--------------------------715951249544509670292335',
  'accept-encoding' => 'gzip, deflate',
  'host' => 'xidiyinshua.com',
  'accept' => '*/*',
  'user-agent' => 'PostmanRuntime/7.3.0',
  'postman-token' => '47dbba62-942a-497f-a317-734e32a2dff9',
  'cache-control' => 'no-cache',
  'authorizations' => 'ebbf410b19427e6aedaa47b89785f067',
)
[ info ] [ PARAM ] array (
  'admin/manager/changepassword' => '',
  'oldpassword' => '666666',
  'newpassword' => '666666',
)
[ info ] [ DB ] INIT mysql
[ sql ] [ DB ] CONNECT:[ UseTime:0.001563s ] mysql:host=127.0.0.1;dbname=xdys;charset=utf8
[ sql ] [ SQL ] SHOW COLUMNS FROM `xdys_admintoken` [ RunTime:0.007949s ]
[ sql ] [ SQL ] SELECT * FROM `xdys_admintoken` WHERE  `token` = 'ebbf410b19427e6aedaa47b89785f067' LIMIT 1 [ RunTime:0.000439s ]
---------------------------------------------------------------
[ 2018-10-19T17:19:41+08:00 ] 127.0.0.1 POST xidiyinshua.com/admin/manager/changepassword
[运行时间：0.046241s] [吞吐率：21.63req/s] [内存消耗：2,397.66kb] [文件加载：78]
[ info ] [ LANG ] D:\WWW\xdys\thinkphp\lang\zh-cn.php
[ info ] [ ROUTE ] array (
)
[ info ] [ HEADER ] array (
  'connection' => 'close',
  'content-length' => '289',
  'content-type' => 'multipart/form-data; boundary=--------------------------433178511047561931350740',
  'accept-encoding' => 'gzip, deflate',
  'host' => 'xidiyinshua.com',
  'accept' => '*/*',
  'user-agent' => 'PostmanRuntime/7.3.0',
  'postman-token' => '055586b1-a6db-4e72-bd45-b339d82c1920',
  'cache-control' => 'no-cache',
  'authorizations' => 'ebbf410b19427e6aedaa47b89785f067',
)
[ info ] [ PARAM ] array (
  'admin/manager/changepassword' => '',
  'newpassword' => '666666',
  'oncepassword' => '666666',
)
[ info ] [ DB ] INIT mysql
[ sql ] [ DB ] CONNECT:[ UseTime:0.001377s ] mysql:host=127.0.0.1;dbname=xdys;charset=utf8
[ sql ] [ SQL ] SHOW COLUMNS FROM `xdys_admintoken` [ RunTime:0.007151s ]
[ sql ] [ SQL ] SELECT * FROM `xdys_admintoken` WHERE  `token` = 'ebbf410b19427e6aedaa47b89785f067' LIMIT 1 [ RunTime:0.000307s ]
---------------------------------------------------------------
[ 2018-10-19T17:19:46+08:00 ] 127.0.0.1 POST xidiyinshua.com/admin/manager/changepassword
[运行时间：0.048315s] [吞吐率：20.70req/s] [内存消耗：2,397.66kb] [文件加载：78]
[ info ] [ LANG ] D:\WWW\xdys\thinkphp\lang\zh-cn.php
[ info ] [ ROUTE ] array (
)
[ info ] [ HEADER ] array (
  'connection' => 'close',
  'content-length' => '289',
  'content-type' => 'multipart/form-data; boundary=--------------------------085191932121201694220418',
  'accept-encoding' => 'gzip, deflate',
  'host' => 'xidiyinshua.com',
  'accept' => '*/*',
  'user-agent' => 'PostmanRuntime/7.3.0',
  'postman-token' => '8495bcd0-661e-4a61-b3ef-906f06599802',
  'cache-control' => 'no-cache',
  'authorizations' => 'ebbf410b19427e6aedaa47b89785f067',
)
[ info ] [ PARAM ] array (
  'admin/manager/changepassword' => '',
  'oldpassword' => '666666',
  'oncepassword' => '666666',
)
[ info ] [ DB ] INIT mysql
[ sql ] [ DB ] CONNECT:[ UseTime:0.001944s ] mysql:host=127.0.0.1;dbname=xdys;charset=utf8
[ sql ] [ SQL ] SHOW COLUMNS FROM `xdys_admintoken` [ RunTime:0.010405s ]
[ sql ] [ SQL ] SELECT * FROM `xdys_admintoken` WHERE  `token` = 'ebbf410b19427e6aedaa47b89785f067' LIMIT 1 [ RunTime:0.000411s ]
---------------------------------------------------------------
[ 2018-10-19T17:19:59+08:00 ] 127.0.0.1 POST xidiyinshua.com/admin/manager/changepassword
[运行时间：0.046844s] [吞吐率：21.35req/s] [内存消耗：2,397.66kb] [文件加载：78]
[ info ] [ LANG ] D:\WWW\xdys\thinkphp\lang\zh-cn.php
[ info ] [ ROUTE ] array (
)
[ info ] [ HEADER ] array (
  'connection' => 'close',
  'content-length' => '289',
  'content-type' => 'multipart/form-data; boundary=--------------------------085907316852804371815107',
  'accept-encoding' => 'gzip, deflate',
  'host' => 'xidiyinshua.com',
  'accept' => '*/*',
  'user-agent' => 'PostmanRuntime/7.3.0',
  'postman-token' => '7264a305-2dde-4368-bab4-178a7cd246bd',
  'cache-control' => 'no-cache',
  'authorizations' => 'ebbf410b19427e6aedaa47b89785f067',
)
[ info ] [ PARAM ] array (
  'admin/manager/changepassword' => '',
  'newpassword' => '666666',
  'oncepassword' => '666666',
)
[ info ] [ DB ] INIT mysql
[ sql ] [ DB ] CONNECT:[ UseTime:0.001478s ] mysql:host=127.0.0.1;dbname=xdys;charset=utf8
[ sql ] [ SQL ] SHOW COLUMNS FROM `xdys_admintoken` [ RunTime:0.008771s ]
[ sql ] [ SQL ] SELECT * FROM `xdys_admintoken` WHERE  `token` = 'ebbf410b19427e6aedaa47b89785f067' LIMIT 1 [ RunTime:0.000378s ]
